<?xml version="1.0" encoding="UTF-8"?>
<!-- Generated by org.testng.reporters.JUnitXMLReporter -->
<testsuite hostname="DESKTOP-0481EJ2" ignored="0" name="Test" tests="1" failures="1" timestamp="2020-08-15T11:13:57 IST" time="0.396" errors="0">
  <testcase name="createProject" time="0.0" classname="api.test.Jira_API">
    <failure type="org.testng.TestNGException" message="
Cannot inject @Test annotated Method [createProject] with [class java.lang.String].
For more information on native dependency injection please refer to https://testng.org/doc/documentation-main.html#native-dependency-injection">
      <![CDATA[org.testng.TestNGException: 
Cannot inject @Test annotated Method [createProject] with [class java.lang.String].
For more information on native dependency injection please refer to https://testng.org/doc/documentation-main.html#native-dependency-injection
at java.util.ArrayList.forEach(ArrayList.java:1259)
... Removed 26 stack frames]]>
    </failure>
  </testcase> <!-- createProject -->
</testsuite> <!-- Test -->
